<?xml version="1.0" encoding="UTF-8"?>
<!-- Generated by org.testng.reporters.JUnitXMLReporter -->
<testsuite hostname="no-PC" name="Test" tests="5" failures="0" timestamp="7 Jan 2023 12:24:52 GMT" time="33.571" errors="0">
  <testcase name="userRegisterSuccessfully" time="11.905" classname="com.automation.nopecommerce.tests.RegistrationTest"/>
  <testcase name="usersearcForProduct" time="4.001" classname="com.automation.nopecommerce.tests.SearchForProductTest"/>
  <testcase name="addProductToshoppingCart" time="1.707" classname="com.automation.nopecommerce.tests.ProductDetailsTest"/>
  <testcase name="goToCheckoutProcess" time="7.268" classname="com.automation.nopecommerce.tests.ShoppingCartTest"/>
  <testcase name="userCheckoutForOrder" time="7.842" classname="com.automation.nopecommerce.tests.CheckoutForProductTest"/>
</testsuite> <!-- Test -->
